Using pre-set license
Built from '2021.3/staging' branch; Version is '2021.3.9f1 (ad3870b89536) revision 11352176'; Using compiler version '192829333'; Build Type 'Release'
OS: 'Windows 10  (10.0.19044) 64bit CoreSingleLanguage' Language: 'en' Physical Memory: 16221 MB
BatchMode: 1, IsHumanControllingUs: 0, StartBugReporterOnCrash: 0, Is64bit: 1, IsPro: 1

COMMAND LINE ARGUMENTS:
C:\Program Files\Unity\Hub\Editor\2021.3.9f1\Editor\Unity.exe
-adb2
-batchMode
-noUpm
-name
AssetImportWorker0
-projectPath
C:/Users/Kevaalin/Mission To Mars
-logFile
Logs/AssetImportWorker0.log
-srvPort
62175
Successfully changed project path to: C:/Users/Kevaalin/Mission To Mars
C:/Users/Kevaalin/Mission To Mars
[UnityMemory] Configuration Parameters - Can be set up in boot.config
    "memorysetup-bucket-allocator-granularity=16"
    "memorysetup-bucket-allocator-bucket-count=8"
    "memorysetup-bucket-allocator-block-size=33554432"
    "memorysetup-bucket-allocator-block-count=8"
    "memorysetup-main-allocator-block-size=16777216"
    "memorysetup-thread-allocator-block-size=16777216"
    "memorysetup-gfx-main-allocator-block-size=16777216"
    "memorysetup-gfx-thread-allocator-block-size=16777216"
    "memorysetup-cache-allocator-block-size=4194304"
    "memorysetup-typetree-allocator-block-size=2097152"
    "memorysetup-profiler-bucket-allocator-granularity=16"
    "memorysetup-profiler-bucket-allocator-bucket-count=8"
    "memorysetup-profiler-bucket-allocator-block-size=33554432"
    "memorysetup-profiler-bucket-allocator-block-count=8"
    "memorysetup-profiler-allocator-block-size=16777216"
    "memorysetup-profiler-editor-allocator-block-size=1048576"
    "memorysetup-temp-allocator-size-main=16777216"
    "memorysetup-job-temp-allocator-block-size=2097152"
    "memorysetup-job-temp-allocator-block-size-background=1048576"
    "memorysetup-job-temp-allocator-reduction-small-platforms=262144"
    "memorysetup-temp-allocator-size-background-worker=32768"
    "memorysetup-temp-allocator-size-job-worker=262144"
    "memorysetup-temp-allocator-size-preload-manager=33554432"
    "memorysetup-temp-allocator-size-nav-mesh-worker=65536"
    "memorysetup-temp-allocator-size-audio-worker=65536"
    "memorysetup-temp-allocator-size-cloud-worker=32768"
    "memorysetup-temp-allocator-size-gi-baking-worker=262144"
    "memorysetup-temp-allocator-size-gfx=262144"
Refreshing native plugins compatible for Editor in 85.11 ms, found 3 plugins.
Preloading 0 native plugins for Editor in 0.00 ms.
Initialize engine version: 2021.3.9f1 (ad3870b89536)
[Subsystems] Discovering subsystems at path C:/Program Files/Unity/Hub/Editor/2021.3.9f1/Editor/Data/Resources/UnitySubsystems
[Subsystems] Discovering subsystems at path C:/Users/Kevaalin/Mission To Mars/Assets
GfxDevice: creating device client; threaded=0; jobified=0
Direct3D:
    Version:  Direct3D 11.0 [level 11.1]
    Renderer: NVIDIA GeForce GTX 1650 (ID=0x1f91)
    Vendor:   NVIDIA
    VRAM:     3962 MB
    Driver:   31.0.15.1659
Initialize mono
Mono path[0] = 'C:/Program Files/Unity/Hub/Editor/2021.3.9f1/Editor/Data/Managed'
Mono path[1] = 'C:/Program Files/Unity/Hub/Editor/2021.3.9f1/Editor/Data/MonoBleedingEdge/lib/mono/unityjit-win32'
Mono config path = 'C:/Program Files/Unity/Hub/Editor/2021.3.9f1/Editor/Data/MonoBleedingEdge/etc'
Using monoOptions --debugger-agent=transport=dt_socket,embedding=1,server=y,suspend=n,address=127.0.0.1:56076
Begin MonoManager ReloadAssembly
Registering precompiled unity dll's ...
Register platform support module: C:/Program Files/Unity/Hub/Editor/2021.3.9f1/Editor/Data/PlaybackEngines/WebGLSupport/UnityEditor.WebGL.Extensions.dll
Register platform support module: C:/Program Files/Unity/Hub/Editor/2021.3.9f1/Editor/Data/PlaybackEngines/WindowsStandaloneSupport/UnityEditor.WindowsStandalone.Extensions.dll
Registered in 0.008094 seconds.
Native extension for WindowsStandalone target not found
Native extension for WebGL target not found
Refreshing native plugins compatible for Editor in 89.82 ms, found 3 plugins.
Preloading 0 native plugins for Editor in 0.00 ms.
Mono: successfully reloaded assembly
- Completed reload, in  0.683 seconds
Domain Reload Profiling:
	ReloadAssembly (684ms)
		BeginReloadAssembly (79ms)
			ExecutionOrderSort (0ms)
			DisableScriptedObjects (0ms)
			BackupInstance (0ms)
			ReleaseScriptingObjects (0ms)
			CreateAndSetChildDomain (1ms)
		EndReloadAssembly (483ms)
			LoadAssemblies (77ms)
			RebuildTransferFunctionScriptingTraits (0ms)
			SetupTypeCache (111ms)
			ReleaseScriptCaches (0ms)
			RebuildScriptCaches (29ms)
			SetupLoadedEditorAssemblies (290ms)
				LogAssemblyErrors (0ms)
				InitializePlatformSupportModulesInManaged (10ms)
				SetLoadedEditorAssemblies (0ms)
				RefreshPlugins (90ms)
				BeforeProcessingInitializeOnLoad (2ms)
				ProcessInitializeOnLoadAttributes (138ms)
				ProcessInitializeOnLoadMethodAttributes (50ms)
				AfterProcessingInitializeOnLoad (0ms)
				EditorAssembliesLoaded (0ms)
			ExecutionOrderSort2 (0ms)
			AwakeInstancesAfterBackupRestoration (0ms)
Platform modules already initialized, skipping
Registering precompiled user dll's ...
Registered in 0.005794 seconds.
Begin MonoManager ReloadAssembly
Symbol file LoadedFromMemory doesn't match image C:\Users\Kevaalin\Mission To Mars\Library\PackageCache\com.unity.visualscripting@1.7.8\Editor\VisualScripting.Core\Dependencies\YamlDotNet\Unity.VisualScripting.YamlDotNet.dll
Symbol file LoadedFromMemory doesn't match image C:\Users\Kevaalin\Mission To Mars\Library\PackageCache\com.unity.visualscripting@1.7.8\Editor\VisualScripting.Core\Dependencies\DotNetZip\Unity.VisualScripting.IonicZip.dll
Native extension for WindowsStandalone target not found
Native extension for WebGL target not found
Refreshing native plugins compatible for Editor in 89.38 ms, found 3 plugins.
Preloading 0 native plugins for Editor in 0.00 ms.
Mono: successfully reloaded assembly
- Completed reload, in  1.311 seconds
Domain Reload Profiling:
	ReloadAssembly (1311ms)
		BeginReloadAssembly (119ms)
			ExecutionOrderSort (0ms)
			DisableScriptedObjects (6ms)
			BackupInstance (0ms)
			ReleaseScriptingObjects (0ms)
			CreateAndSetChildDomain (19ms)
		EndReloadAssembly (1069ms)
			LoadAssemblies (105ms)
			RebuildTransferFunctionScriptingTraits (0ms)
			SetupTypeCache (295ms)
			ReleaseScriptCaches (1ms)
			RebuildScriptCaches (63ms)
			SetupLoadedEditorAssemblies (552ms)
				LogAssemblyErrors (0ms)
				InitializePlatformSupportModulesInManaged (7ms)
				SetLoadedEditorAssemblies (0ms)
				RefreshPlugins (89ms)
				BeforeProcessingInitializeOnLoad (100ms)
				ProcessInitializeOnLoadAttributes (317ms)
				ProcessInitializeOnLoadMethodAttributes (27ms)
				AfterProcessingInitializeOnLoad (11ms)
				EditorAssembliesLoaded (0ms)
			ExecutionOrderSort2 (0ms)
			AwakeInstancesAfterBackupRestoration (12ms)
Platform modules already initialized, skipping
========================================================================
Worker process is ready to serve import requests
Launched and connected shader compiler UnityShaderCompiler.exe after 0.05 seconds
Refreshing native plugins compatible for Editor in 1.03 ms, found 3 plugins.
Preloading 0 native plugins for Editor in 0.00 ms.
Unloading 3567 Unused Serialized files (Serialized files now loaded: 0)
Unloading 48 unused Assets / (0.6 MB). Loaded Objects now: 4041.
Memory consumption went from 142.2 MB to 141.6 MB.
Total: 6.618200 ms (FindLiveObjects: 0.398800 ms CreateObjectMapping: 0.332100 ms MarkObjects: 5.576300 ms  DeleteObjects: 0.309300 ms)

AssetImportParameters requested are different than current active one (requested -> active):
  custom:video-decoder-ogg-theora: a1e56fd34408186e4bbccfd4996cb3dc -> 
  custom:container-muxer-webm: aa71ff27fc2769a1b78a27578f13a17b -> 
  custom:container-demuxer-webm: 4f35f7cbe854078d1ac9338744f61a02 -> 
  custom:video-encoder-webm-vp8: eb34c28f22e8b96e1ab97ce403110664 -> 
  custom:audio-encoder-webm-vorbis: bf7c407c2cedff20999df2af8eb42d56 -> 
  custom:framework-win-MediaFoundation: 216162199b28c13a410421893ffa2e32 -> 
  custom:container-demuxer-ogg: 62fdf1f143b41e24485cea50d1cbac27 -> 
  custom:video-decoder-webm-vp8: 9c59270c3fd7afecdb556c50c9e8de78 -> 
  custom:audio-decoder-ogg-vorbis: bf7c407c2cedff20999df2af8eb42d56 -> 
========================================================================
Received Import Request.
  Time since last request: 382129.603718 seconds.
  path: Assets/Scenes
  artifactKey: Guid(6ea315d0fd7389c41b19996891e99ae3) Importer(815301076,1909f56bfc062723c751e8b465ee728b)
Start importing Assets/Scenes using Guid(6ea315d0fd7389c41b19996891e99ae3) Importer(815301076,1909f56bfc062723c751e8b465ee728b)  -> (artifact id: 'b8193726cff86800c54781cdc6d54904') in 0.008442 seconds 
========================================================================
Received Import Request.
  Time since last request: 16.592303 seconds.
  path: Assets/Scenes/SampleScene.unity
  artifactKey: Guid(9fc0d4010bbf28b4594072e72b8655ab) Importer(815301076,1909f56bfc062723c751e8b465ee728b)
Start importing Assets/Scenes/SampleScene.unity using Guid(9fc0d4010bbf28b4594072e72b8655ab) Importer(815301076,1909f56bfc062723c751e8b465ee728b)  -> (artifact id: 'fc30e8f8a0e34fdaf274bb71b395ca6f') in 0.003091 seconds 
========================================================================
Received Import Request.
  Time since last request: 12.523177 seconds.
  path: Assets/Terrain/Terrain_0_0_75662450-ceeb-4129-82b5-b933631cebc7.asset
  artifactKey: Guid(0a0ce5e4aeb8a7142b56f0424f561dcc) Importer(815301076,1909f56bfc062723c751e8b465ee728b)
Start importing Assets/Terrain/Terrain_0_0_75662450-ceeb-4129-82b5-b933631cebc7.asset using Guid(0a0ce5e4aeb8a7142b56f0424f561dcc) Importer(815301076,1909f56bfc062723c751e8b465ee728b)  -> (artifact id: '55a170e13aae092d4d743be7d0fd1e7e') in 0.068321 seconds 
========================================================================
Received Import Request.
  Time since last request: 2.898572 seconds.
  path: Packages/com.unity.settings-manager
  artifactKey: Guid(5805641c8eed98caa841c6b791d1653a) Importer(815301076,1909f56bfc062723c751e8b465ee728b)
Start importing Packages/com.unity.settings-manager using Guid(5805641c8eed98caa841c6b791d1653a) Importer(815301076,1909f56bfc062723c751e8b465ee728b)  -> (artifact id: '4627289f0bfc9caf2dfaa03559e62c6c') in 0.001302 seconds 
========================================================================
Received Import Request.
  Time since last request: 0.547666 seconds.
  path: Packages/com.unity.terrain-tools
  artifactKey: Guid(d215cdf4e2249473f7cf3aad48a6f895) Importer(815301076,1909f56bfc062723c751e8b465ee728b)
Start importing Packages/com.unity.terrain-tools using Guid(d215cdf4e2249473f7cf3aad48a6f895) Importer(815301076,1909f56bfc062723c751e8b465ee728b)  -> (artifact id: '59457b44f7e95a1247be0c90cc726887') in 0.001627 seconds 
========================================================================
Received Import Request.
  Time since last request: 1.866751 seconds.
  path: Packages/com.unity.terrain-tools/Editor/Icons
  artifactKey: Guid(be170f95bc441ba4c9717b250abc752e) Importer(815301076,1909f56bfc062723c751e8b465ee728b)
Start importing Packages/com.unity.terrain-tools/Editor/Icons using Guid(be170f95bc441ba4c9717b250abc752e) Importer(815301076,1909f56bfc062723c751e8b465ee728b)  -> (artifact id: '7a5987ff9b9c8a1f4721af10d64e4115') in 0.001568 seconds 
========================================================================
Received Import Request.
  Time since last request: 35.212823 seconds.
  path: Assets/Materials
  artifactKey: Guid(d65b7c4117da390489a947b3c21c834c) Importer(815301076,1909f56bfc062723c751e8b465ee728b)
Start importing Assets/Materials using Guid(d65b7c4117da390489a947b3c21c834c) Importer(815301076,1909f56bfc062723c751e8b465ee728b)  -> (artifact id: '676da62eef71ab6cb5b6ea14555bfcc7') in 0.001913 seconds 
========================================================================
Received Import Request.
  Time since last request: 396.961830 seconds.
  path: Assets/Materials/New Material.mat
  artifactKey: Guid(985d1b13d3a734f47b1d752798f7c08d) Importer(815301076,1909f56bfc062723c751e8b465ee728b)
Start importing Assets/Materials/New Material.mat using Guid(985d1b13d3a734f47b1d752798f7c08d) Importer(815301076,1909f56bfc062723c751e8b465ee728b)  -> (artifact id: '51cace1b9ff17e8284fc6f5fc725c05f') in 0.150301 seconds 
========================================================================
Received Import Request.
  Time since last request: 33.599428 seconds.
  path: Assets/Materials/Dirt Texture.mat
  artifactKey: Guid(985d1b13d3a734f47b1d752798f7c08d) Importer(815301076,1909f56bfc062723c751e8b465ee728b)
Start importing Assets/Materials/Dirt Texture.mat using Guid(985d1b13d3a734f47b1d752798f7c08d) Importer(815301076,1909f56bfc062723c751e8b465ee728b)  -> (artifact id: '261c6133b3a96546f7e6fed65517a40c') in 0.013242 seconds 
========================================================================
Received Import Request.
  Time since last request: 24.526429 seconds.
  path: Assets/New Render Texture.renderTexture
  artifactKey: Guid(ad70acb0512ada44fa325d704894bb4d) Importer(815301076,1909f56bfc062723c751e8b465ee728b)
Start importing Assets/New Render Texture.renderTexture using Guid(ad70acb0512ada44fa325d704894bb4d) Importer(815301076,1909f56bfc062723c751e8b465ee728b)  -> (artifact id: '85b3fcfe6f2150eae6fef7fb5d8c7730') in 0.019719 seconds 
========================================================================
Received Import Request.
  Time since last request: 78.922752 seconds.
  path: Assets/NewBrush.brush
  artifactKey: Guid(cdcbc4b149f9c004f93134ebbc385a15) Importer(815301076,1909f56bfc062723c751e8b465ee728b)
Start importing Assets/NewBrush.brush using Guid(cdcbc4b149f9c004f93134ebbc385a15) Importer(815301076,1909f56bfc062723c751e8b465ee728b)  -> (artifact id: 'a93cb77b9de48ffb8c6c5a592694a97f') in 0.020046 seconds 
========================================================================
Received Import Request.
  Time since last request: 33.232066 seconds.
  path: Assets/NewBrush 1.brush
  artifactKey: Guid(cacf9f44375120b4b8d828fdd08966e4) Importer(815301076,1909f56bfc062723c751e8b465ee728b)
Start importing Assets/NewBrush 1.brush using Guid(cacf9f44375120b4b8d828fdd08966e4) Importer(815301076,1909f56bfc062723c751e8b465ee728b)  -> (artifact id: '94b900e783b1f304f5f5cafe1c6580f6') in 0.010108 seconds 
========================================================================
Received Import Request.
  Time since last request: 28.508499 seconds.
  path: Assets/Terrain/TerrainData_5dc6ee2e-6cce-4431-90c2-5f24aac086c7.asset
  artifactKey: Guid(66d6913c242802241942da1856f5dd08) Importer(815301076,1909f56bfc062723c751e8b465ee728b)
Start importing Assets/Terrain/TerrainData_5dc6ee2e-6cce-4431-90c2-5f24aac086c7.asset using Guid(66d6913c242802241942da1856f5dd08) Importer(815301076,1909f56bfc062723c751e8b465ee728b)  -> (artifact id: 'fef9b952c9e43040b1b2749e4c53cdde') in 0.013272 seconds 
========================================================================
Received Import Request.
  Time since last request: 246.289794 seconds.
  path: Assets/Terrain/NewBrush.brush
  artifactKey: Guid(49837d2e8cb9a134ba7fde6426887b89) Importer(815301076,1909f56bfc062723c751e8b465ee728b)
Start importing Assets/Terrain/NewBrush.brush using Guid(49837d2e8cb9a134ba7fde6426887b89) Importer(815301076,1909f56bfc062723c751e8b465ee728b)  -> (artifact id: 'ba85573e7f38c9e9db157da14766e5df') in 0.012325 seconds 
========================================================================
Received Import Request.
  Time since last request: 14.735220 seconds.
  path: Assets/Textures
  artifactKey: Guid(39338a87edb1c20458357f65de9b3f23) Importer(815301076,1909f56bfc062723c751e8b465ee728b)
Start importing Assets/Textures using Guid(39338a87edb1c20458357f65de9b3f23) Importer(815301076,1909f56bfc062723c751e8b465ee728b)  -> (artifact id: 'f6c28b5868065014095a43bc19fb53ad') in 0.004733 seconds 
========================================================================
Received Import Request.
  Time since last request: 315.748231 seconds.
  path: Assets/NewBrush.brush
  artifactKey: Guid(cdcbc4b149f9c004f93134ebbc385a15) Importer(815301076,1909f56bfc062723c751e8b465ee728b)
Start importing Assets/NewBrush.brush using Guid(cdcbc4b149f9c004f93134ebbc385a15) Importer(815301076,1909f56bfc062723c751e8b465ee728b)  -> (artifact id: 'fc6e942365437a64e780f3833a87ac23') in 0.011106 seconds 
========================================================================
Received Import Request.
  Time since last request: 966.273712 seconds.
  path: Assets/Textures/Grass_Texture.png
  artifactKey: Guid(72e97cea48d17ef459e6a05b5f0dfd22) Importer(815301076,1909f56bfc062723c751e8b465ee728b)
Start importing Assets/Textures/Grass_Texture.png using Guid(72e97cea48d17ef459e6a05b5f0dfd22) Importer(815301076,1909f56bfc062723c751e8b465ee728b)  -> (artifact id: '29327488529f98685d86e7b4095a6d62') in 0.063359 seconds 
========================================================================
Received Import Request.
  Time since last request: 9.292878 seconds.
  path: Assets/Textures/NewBrush 1.brush
  artifactKey: Guid(02dbcd15bc343074886da09ea8a56fef) Importer(815301076,1909f56bfc062723c751e8b465ee728b)
Start importing Assets/Textures/NewBrush 1.brush using Guid(02dbcd15bc343074886da09ea8a56fef) Importer(815301076,1909f56bfc062723c751e8b465ee728b)  -> (artifact id: '88bfa86d7a804367fdac9d95a075d871') in 0.011102 seconds 
========================================================================
Received Import Request.
  Time since last request: 51.382886 seconds.
  path: Assets/Textures/NewBrush 2.brush
  artifactKey: Guid(62796913ac19dbf4182680a5a361c096) Importer(815301076,1909f56bfc062723c751e8b465ee728b)
Start importing Assets/Textures/NewBrush 2.brush using Guid(62796913ac19dbf4182680a5a361c096) Importer(815301076,1909f56bfc062723c751e8b465ee728b)  -> (artifact id: '863c72b21246ea82436359c8c0ecfc45') in 0.009466 seconds 
========================================================================
Received Import Request.
  Time since last request: 153.281895 seconds.
  path: Assets/NewLayer.terrainlayer
  artifactKey: Guid(a4f65c7d248d05546a8ffc76065f8bba) Importer(815301076,1909f56bfc062723c751e8b465ee728b)
Start importing Assets/NewLayer.terrainlayer using Guid(a4f65c7d248d05546a8ffc76065f8bba) Importer(815301076,1909f56bfc062723c751e8b465ee728b)  -> (artifact id: '3b5fe518d0a54c6a45abe5cfddb72e15') in 0.024412 seconds 
========================================================================
Received Import Request.
  Time since last request: 152.321304 seconds.
  path: Assets/Textures/Grass_Texture.jpg
  artifactKey: Guid(2849e37ac0f091e4dabb9c7b02431cdf) Importer(815301076,1909f56bfc062723c751e8b465ee728b)
Start importing Assets/Textures/Grass_Texture.jpg using Guid(2849e37ac0f091e4dabb9c7b02431cdf) Importer(815301076,1909f56bfc062723c751e8b465ee728b)  -> (artifact id: 'a6621c57614a90be5d10c3786c63dc8a') in 0.018185 seconds 
========================================================================
Received Import Request.
  Time since last request: 32.085480 seconds.
  path: Assets/NewLayer.terrainlayer
  artifactKey: Guid(a4f65c7d248d05546a8ffc76065f8bba) Importer(815301076,1909f56bfc062723c751e8b465ee728b)
Start importing Assets/NewLayer.terrainlayer using Guid(a4f65c7d248d05546a8ffc76065f8bba) Importer(815301076,1909f56bfc062723c751e8b465ee728b)  -> (artifact id: '8f3695920ae098884005e9a6ea6922cb') in 0.010308 seconds 
========================================================================
Received Import Request.
  Time since last request: 27.481295 seconds.
  path: Assets/Grass.terrainlayer
  artifactKey: Guid(a4f65c7d248d05546a8ffc76065f8bba) Importer(815301076,1909f56bfc062723c751e8b465ee728b)
Start importing Assets/Grass.terrainlayer using Guid(a4f65c7d248d05546a8ffc76065f8bba) Importer(815301076,1909f56bfc062723c751e8b465ee728b)  -> (artifact id: '899fa100270446fb59a978dd94ad2dbe') in 0.012051 seconds 
========================================================================
Received Import Request.
  Time since last request: 297.393905 seconds.
  path: Assets/Textures/coast_land_rocks_01_diff_4k.jpg
  artifactKey: Guid(3ca22aa6501bfa946ad76a86957731ff) Importer(815301076,1909f56bfc062723c751e8b465ee728b)
Start importing Assets/Textures/coast_land_rocks_01_diff_4k.jpg using Guid(3ca22aa6501bfa946ad76a86957731ff) Importer(815301076,1909f56bfc062723c751e8b465ee728b)  -> (artifact id: 'e6bf4da43e41f49fbdbaed27fc75ecb8') in 0.021756 seconds 
========================================================================
Received Import Request.
  Time since last request: 11.559511 seconds.
  path: Assets/NewLayer.terrainlayer
  artifactKey: Guid(58865dbc197de9544abef1fa51fa3956) Importer(815301076,1909f56bfc062723c751e8b465ee728b)
Start importing Assets/NewLayer.terrainlayer using Guid(58865dbc197de9544abef1fa51fa3956) Importer(815301076,1909f56bfc062723c751e8b465ee728b)  -> (artifact id: '5c20c2ef48ad06f37681a46f7956cda7') in 0.011789 seconds 
========================================================================
Received Import Request.
  Time since last request: 73.502302 seconds.
  path: Assets/Textures/coast_land_rocks_01_nor_gl_4k.exr
  artifactKey: Guid(26b21e0d63fe6694c8c6458b3579d81c) Importer(815301076,1909f56bfc062723c751e8b465ee728b)
Start importing Assets/Textures/coast_land_rocks_01_nor_gl_4k.exr using Guid(26b21e0d63fe6694c8c6458b3579d81c) Importer(815301076,1909f56bfc062723c751e8b465ee728b)  -> (artifact id: '80e18448022594408b195cb9b6468ebb') in 0.032983 seconds 
========================================================================
Received Import Request.
  Time since last request: 1274.936538 seconds.
  path: Assets/Terrain/Terrain_0_0_75662450-ceeb-4129-82b5-b933631cebc7.asset
  artifactKey: Guid(0a0ce5e4aeb8a7142b56f0424f561dcc) Importer(815301076,1909f56bfc062723c751e8b465ee728b)
Start importing Assets/Terrain/Terrain_0_0_75662450-ceeb-4129-82b5-b933631cebc7.asset using Guid(0a0ce5e4aeb8a7142b56f0424f561dcc) Importer(815301076,1909f56bfc062723c751e8b465ee728b)  -> (artifact id: '2ed58c0f83951f5e704ae2d71fd33189') in 0.034937 seconds 
========================================================================
Received Import Request.
  Time since last request: 20.273952 seconds.
  path: Assets/Terrain/Mountain_Terrain.asset
  artifactKey: Guid(06d4d9d0dc464eb47b7b77487eb61c9b) Importer(815301076,1909f56bfc062723c751e8b465ee728b)
Start importing Assets/Terrain/Mountain_Terrain.asset using Guid(06d4d9d0dc464eb47b7b77487eb61c9b) Importer(815301076,1909f56bfc062723c751e8b465ee728b)  -> (artifact id: 'e513f00c549749972cecd946af79dbf3') in 0.032922 seconds 
