Using pre-set license
Built from '2021.3/staging' branch; Version is '2021.3.9f1 (ad3870b89536) revision 11352176'; Using compiler version '192829333'; Build Type 'Release'
OS: 'Windows 10  (10.0.19044) 64bit CoreSingleLanguage' Language: 'en' Physical Memory: 16221 MB
BatchMode: 1, IsHumanControllingUs: 0, StartBugReporterOnCrash: 0, Is64bit: 1, IsPro: 1

COMMAND LINE ARGUMENTS:
C:\Program Files\Unity\Hub\Editor\2021.3.9f1\Editor\Unity.exe
-adb2
-batchMode
-noUpm
-name
AssetImportWorker1
-projectPath
C:/Users/Kevaalin/Mission To Mars
-logFile
Logs/AssetImportWorker1.log
-srvPort
54777
Successfully changed project path to: C:/Users/Kevaalin/Mission To Mars
C:/Users/Kevaalin/Mission To Mars
[UnityMemory] Configuration Parameters - Can be set up in boot.config
    "memorysetup-bucket-allocator-granularity=16"
    "memorysetup-bucket-allocator-bucket-count=8"
    "memorysetup-bucket-allocator-block-size=33554432"
    "memorysetup-bucket-allocator-block-count=8"
    "memorysetup-main-allocator-block-size=16777216"
    "memorysetup-thread-allocator-block-size=16777216"
    "memorysetup-gfx-main-allocator-block-size=16777216"
    "memorysetup-gfx-thread-allocator-block-size=16777216"
    "memorysetup-cache-allocator-block-size=4194304"
    "memorysetup-typetree-allocator-block-size=2097152"
    "memorysetup-profiler-bucket-allocator-granularity=16"
    "memorysetup-profiler-bucket-allocator-bucket-count=8"
    "memorysetup-profiler-bucket-allocator-block-size=33554432"
    "memorysetup-profiler-bucket-allocator-block-count=8"
    "memorysetup-profiler-allocator-block-size=16777216"
    "memorysetup-profiler-editor-allocator-block-size=1048576"
    "memorysetup-temp-allocator-size-main=16777216"
    "memorysetup-job-temp-allocator-block-size=2097152"
    "memorysetup-job-temp-allocator-block-size-background=1048576"
    "memorysetup-job-temp-allocator-reduction-small-platforms=262144"
    "memorysetup-temp-allocator-size-background-worker=32768"
    "memorysetup-temp-allocator-size-job-worker=262144"
    "memorysetup-temp-allocator-size-preload-manager=33554432"
    "memorysetup-temp-allocator-size-nav-mesh-worker=65536"
    "memorysetup-temp-allocator-size-audio-worker=65536"
    "memorysetup-temp-allocator-size-cloud-worker=32768"
    "memorysetup-temp-allocator-size-gi-baking-worker=262144"
    "memorysetup-temp-allocator-size-gfx=262144"
Refreshing native plugins compatible for Editor in 81.19 ms, found 3 plugins.
Preloading 0 native plugins for Editor in 0.00 ms.
Initialize engine version: 2021.3.9f1 (ad3870b89536)
[Subsystems] Discovering subsystems at path C:/Program Files/Unity/Hub/Editor/2021.3.9f1/Editor/Data/Resources/UnitySubsystems
[Subsystems] Discovering subsystems at path C:/Users/Kevaalin/Mission To Mars/Assets
GfxDevice: creating device client; threaded=0; jobified=0
Direct3D:
    Version:  Direct3D 11.0 [level 11.1]
    Renderer: NVIDIA GeForce GTX 1650 (ID=0x1f91)
    Vendor:   NVIDIA
    VRAM:     3962 MB
    Driver:   31.0.15.1659
Initialize mono
Mono path[0] = 'C:/Program Files/Unity/Hub/Editor/2021.3.9f1/Editor/Data/Managed'
Mono path[1] = 'C:/Program Files/Unity/Hub/Editor/2021.3.9f1/Editor/Data/MonoBleedingEdge/lib/mono/unityjit-win32'
Mono config path = 'C:/Program Files/Unity/Hub/Editor/2021.3.9f1/Editor/Data/MonoBleedingEdge/etc'
Using monoOptions --debugger-agent=transport=dt_socket,embedding=1,server=y,suspend=n,address=127.0.0.1:56228
Begin MonoManager ReloadAssembly
Registering precompiled unity dll's ...
Register platform support module: C:/Program Files/Unity/Hub/Editor/2021.3.9f1/Editor/Data/PlaybackEngines/WebGLSupport/UnityEditor.WebGL.Extensions.dll
Register platform support module: C:/Program Files/Unity/Hub/Editor/2021.3.9f1/Editor/Data/PlaybackEngines/WindowsStandaloneSupport/UnityEditor.WindowsStandalone.Extensions.dll
Registered in 0.008121 seconds.
Native extension for WindowsStandalone target not found
Native extension for WebGL target not found
Refreshing native plugins compatible for Editor in 83.07 ms, found 3 plugins.
Preloading 0 native plugins for Editor in 0.00 ms.
Mono: successfully reloaded assembly
- Completed reload, in  0.675 seconds
Domain Reload Profiling:
	ReloadAssembly (676ms)
		BeginReloadAssembly (82ms)
			ExecutionOrderSort (0ms)
			DisableScriptedObjects (0ms)
			BackupInstance (0ms)
			ReleaseScriptingObjects (0ms)
			CreateAndSetChildDomain (1ms)
		EndReloadAssembly (472ms)
			LoadAssemblies (80ms)
			RebuildTransferFunctionScriptingTraits (0ms)
			SetupTypeCache (113ms)
			ReleaseScriptCaches (0ms)
			RebuildScriptCaches (28ms)
			SetupLoadedEditorAssemblies (270ms)
				LogAssemblyErrors (0ms)
				InitializePlatformSupportModulesInManaged (9ms)
				SetLoadedEditorAssemblies (0ms)
				RefreshPlugins (83ms)
				BeforeProcessingInitializeOnLoad (1ms)
				ProcessInitializeOnLoadAttributes (128ms)
				ProcessInitializeOnLoadMethodAttributes (49ms)
				AfterProcessingInitializeOnLoad (0ms)
				EditorAssembliesLoaded (0ms)
			ExecutionOrderSort2 (0ms)
			AwakeInstancesAfterBackupRestoration (0ms)
Platform modules already initialized, skipping
Registering precompiled user dll's ...
Registered in 0.005973 seconds.
Begin MonoManager ReloadAssembly
Symbol file LoadedFromMemory doesn't match image C:\Users\Kevaalin\Mission To Mars\Library\PackageCache\com.unity.visualscripting@1.7.8\Editor\VisualScripting.Core\Dependencies\YamlDotNet\Unity.VisualScripting.YamlDotNet.dll
Symbol file LoadedFromMemory doesn't match image C:\Users\Kevaalin\Mission To Mars\Library\PackageCache\com.unity.visualscripting@1.7.8\Editor\VisualScripting.Core\Dependencies\DotNetZip\Unity.VisualScripting.IonicZip.dll
Native extension for WindowsStandalone target not found
Native extension for WebGL target not found
Refreshing native plugins compatible for Editor in 80.85 ms, found 3 plugins.
Preloading 0 native plugins for Editor in 0.00 ms.
Mono: successfully reloaded assembly
- Completed reload, in  1.270 seconds
Domain Reload Profiling:
	ReloadAssembly (1270ms)
		BeginReloadAssembly (115ms)
			ExecutionOrderSort (0ms)
			DisableScriptedObjects (6ms)
			BackupInstance (0ms)
			ReleaseScriptingObjects (0ms)
			CreateAndSetChildDomain (19ms)
		EndReloadAssembly (1026ms)
			LoadAssemblies (89ms)
			RebuildTransferFunctionScriptingTraits (0ms)
			SetupTypeCache (306ms)
			ReleaseScriptCaches (1ms)
			RebuildScriptCaches (54ms)
			SetupLoadedEditorAssemblies (530ms)
				LogAssemblyErrors (0ms)
				InitializePlatformSupportModulesInManaged (6ms)
				SetLoadedEditorAssemblies (0ms)
				RefreshPlugins (81ms)
				BeforeProcessingInitializeOnLoad (97ms)
				ProcessInitializeOnLoadAttributes (310ms)
				ProcessInitializeOnLoadMethodAttributes (28ms)
				AfterProcessingInitializeOnLoad (8ms)
				EditorAssembliesLoaded (0ms)
			ExecutionOrderSort2 (0ms)
			AwakeInstancesAfterBackupRestoration (7ms)
Platform modules already initialized, skipping
========================================================================
Worker process is ready to serve import requests
Launched and connected shader compiler UnityShaderCompiler.exe after 0.05 seconds
Refreshing native plugins compatible for Editor in 0.58 ms, found 3 plugins.
Preloading 0 native plugins for Editor in 0.00 ms.
Unloading 3567 Unused Serialized files (Serialized files now loaded: 0)
Unloading 48 unused Assets / (0.6 MB). Loaded Objects now: 4042.
Memory consumption went from 142.3 MB to 141.7 MB.
Total: 3.528200 ms (FindLiveObjects: 0.483500 ms CreateObjectMapping: 0.278100 ms MarkObjects: 2.577500 ms  DeleteObjects: 0.188100 ms)

AssetImportParameters requested are different than current active one (requested -> active):
  custom:video-decoder-ogg-theora: a1e56fd34408186e4bbccfd4996cb3dc -> 
  custom:container-muxer-webm: aa71ff27fc2769a1b78a27578f13a17b -> 
  custom:container-demuxer-webm: 4f35f7cbe854078d1ac9338744f61a02 -> 
  custom:video-encoder-webm-vp8: eb34c28f22e8b96e1ab97ce403110664 -> 
  custom:audio-encoder-webm-vorbis: bf7c407c2cedff20999df2af8eb42d56 -> 
  custom:framework-win-MediaFoundation: 216162199b28c13a410421893ffa2e32 -> 
  custom:container-demuxer-ogg: 62fdf1f143b41e24485cea50d1cbac27 -> 
  custom:video-decoder-webm-vp8: 9c59270c3fd7afecdb556c50c9e8de78 -> 
  custom:audio-decoder-ogg-vorbis: bf7c407c2cedff20999df2af8eb42d56 -> 
========================================================================
Received Import Request.
  Time since last request: 3944.575599 seconds.
  path: Assets/Terrain/TerrainData_bb3b4956-f7a6-4003-b073-5ac0572ba6dc.asset
  artifactKey: Guid(5205c3e1057e50d4b992fe26a7ccb887) Importer(815301076,1909f56bfc062723c751e8b465ee728b)
Start importing Assets/Terrain/TerrainData_bb3b4956-f7a6-4003-b073-5ac0572ba6dc.asset using Guid(5205c3e1057e50d4b992fe26a7ccb887) Importer(815301076,1909f56bfc062723c751e8b465ee728b)  -> (artifact id: '141221e576aad10f45311efb7850a860') in 0.044229 seconds 
========================================================================
Received Import Request.
  Time since last request: 0.000020 seconds.
  path: Assets/Terrain/TerrainData_479d827f-136e-454a-94e1-a907a5939d4b.asset
  artifactKey: Guid(6c2053c73bd1495409df392aee85d445) Importer(815301076,1909f56bfc062723c751e8b465ee728b)
Start importing Assets/Terrain/TerrainData_479d827f-136e-454a-94e1-a907a5939d4b.asset using Guid(6c2053c73bd1495409df392aee85d445) Importer(815301076,1909f56bfc062723c751e8b465ee728b)  -> (artifact id: '38d852516c97ded4abb559850cf27c4e') in 0.008474 seconds 
========================================================================
Received Import Request.
  Time since last request: 0.000017 seconds.
  path: Assets/Terrain/TerrainData_3a5a348b-0d35-4ba4-b0c5-a886239ce0cd.asset
  artifactKey: Guid(2f1f6de54b81e2f449063344e72812ff) Importer(815301076,1909f56bfc062723c751e8b465ee728b)
Start importing Assets/Terrain/TerrainData_3a5a348b-0d35-4ba4-b0c5-a886239ce0cd.asset using Guid(2f1f6de54b81e2f449063344e72812ff) Importer(815301076,1909f56bfc062723c751e8b465ee728b)  -> (artifact id: 'cab12e484798d7df0942a9a862de11cf') in 0.007427 seconds 
========================================================================
Received Import Request.
  Time since last request: 0.000021 seconds.
  path: Assets/Terrain/Mountain_Terrain.asset
  artifactKey: Guid(06d4d9d0dc464eb47b7b77487eb61c9b) Importer(815301076,1909f56bfc062723c751e8b465ee728b)
Start importing Assets/Terrain/Mountain_Terrain.asset using Guid(06d4d9d0dc464eb47b7b77487eb61c9b) Importer(815301076,1909f56bfc062723c751e8b465ee728b)  -> (artifact id: '1281fdf5f82de58a97a4ba7814c289c6') in 0.007503 seconds 
========================================================================
Received Import Request.
  Time since last request: 0.000019 seconds.
  path: Assets/Terrain/TerrainData_545fe9a8-fb4c-4bf2-b8d7-075192624b3e.asset
  artifactKey: Guid(4a5a4c76bb0d68a419ef357bcb10fdf8) Importer(815301076,1909f56bfc062723c751e8b465ee728b)
Start importing Assets/Terrain/TerrainData_545fe9a8-fb4c-4bf2-b8d7-075192624b3e.asset using Guid(4a5a4c76bb0d68a419ef357bcb10fdf8) Importer(815301076,1909f56bfc062723c751e8b465ee728b)  -> (artifact id: 'aaecc71696c3576a5b2c1d99e540d00b') in 0.006981 seconds 
========================================================================
Received Import Request.
  Time since last request: 0.000035 seconds.
  path: Assets/Terrain/TerrainData_f4201136-97f1-42df-a73e-606960520b96.asset
  artifactKey: Guid(a39fae3dba576dd4b9435d38cbea17b1) Importer(815301076,1909f56bfc062723c751e8b465ee728b)
Start importing Assets/Terrain/TerrainData_f4201136-97f1-42df-a73e-606960520b96.asset using Guid(a39fae3dba576dd4b9435d38cbea17b1) Importer(815301076,1909f56bfc062723c751e8b465ee728b)  -> (artifact id: '64b2f0f212bcb1d2009314974c28d885') in 0.007266 seconds 
========================================================================
Received Import Request.
  Time since last request: 208.417159 seconds.
  path: Assets/New Terrain 2.asset
  artifactKey: Guid(648e492bee1a232479893f99d0600393) Importer(815301076,1909f56bfc062723c751e8b465ee728b)
Start importing Assets/New Terrain 2.asset using Guid(648e492bee1a232479893f99d0600393) Importer(815301076,1909f56bfc062723c751e8b465ee728b)  -> (artifact id: '6525aef7712d37e76c5745039544b288') in 0.008513 seconds 
========================================================================
Received Import Request.
  Time since last request: 0.000025 seconds.
  path: Assets/NewLayer 2.terrainlayer
  artifactKey: Guid(365417952c386454282b9d109e5ad598) Importer(815301076,1909f56bfc062723c751e8b465ee728b)
Start importing Assets/NewLayer 2.terrainlayer using Guid(365417952c386454282b9d109e5ad598) Importer(815301076,1909f56bfc062723c751e8b465ee728b)  -> (artifact id: '989dfdbcd8f34f8be1f7f5629cf6f768') in 0.072722 seconds 
========================================================================
Received Import Request.
  Time since last request: 0.000040 seconds.
  path: Assets/NewLayer 1.terrainlayer
  artifactKey: Guid(491c28f8962da1e45aadb569b46e1f2a) Importer(815301076,1909f56bfc062723c751e8b465ee728b)
Start importing Assets/NewLayer 1.terrainlayer using Guid(491c28f8962da1e45aadb569b46e1f2a) Importer(815301076,1909f56bfc062723c751e8b465ee728b)  -> (artifact id: 'cceaaaa328202ce21ec06408e1a69448') in 0.018615 seconds 
========================================================================
Received Import Request.
  Time since last request: 0.000027 seconds.
  path: Assets/New Terrain.asset
  artifactKey: Guid(e6fa4b446427ea8419281531e7fb9dd0) Importer(815301076,1909f56bfc062723c751e8b465ee728b)
Start importing Assets/New Terrain.asset using Guid(e6fa4b446427ea8419281531e7fb9dd0) Importer(815301076,1909f56bfc062723c751e8b465ee728b)  -> (artifact id: '7693c39fa5cb61678aa75a458d1b8aed') in 0.008640 seconds 
========================================================================
Received Import Request.
  Time since last request: 0.000017 seconds.
  path: Assets/TerrainData_a943a6e2-1175-480b-8f74-8dfa3d0badd8.asset
  artifactKey: Guid(9c2292a0949cfef4198377a9b8b3a3cc) Importer(815301076,1909f56bfc062723c751e8b465ee728b)
Start importing Assets/TerrainData_a943a6e2-1175-480b-8f74-8dfa3d0badd8.asset using Guid(9c2292a0949cfef4198377a9b8b3a3cc) Importer(815301076,1909f56bfc062723c751e8b465ee728b)  -> (artifact id: '5f0eb7c0d59dae27b6873c8be5bd857b') in 0.008637 seconds 
========================================================================
Received Import Request.
  Time since last request: 1188.745450 seconds.
  path: Assets/NewLayer 8.terrainlayer
  artifactKey: Guid(884137991ed20e242ae7d1efd86179f6) Importer(815301076,1909f56bfc062723c751e8b465ee728b)
Start importing Assets/NewLayer 8.terrainlayer using Guid(884137991ed20e242ae7d1efd86179f6) Importer(815301076,1909f56bfc062723c751e8b465ee728b)  -> (artifact id: '0310a908b6a37cd3cc87bdccc24c2dc4') in 0.020838 seconds 
